<?xml version="1.0" encoding="UTF-8"?>
<!-- Generated by org.testng.reporters.JUnitReportReporter -->
<testsuite hostname="DESKTOP-K0PMQHV" failures="0" tests="2" name="com.shekhar.tests.POSTTests" time="9.685" errors="0" timestamp="2022-11-02T18:41:51 IST" skipped="0">
  <testcase classname="com.shekhar.tests.POSTTests" name="postCallTest" time="5.051"/>
  <system-out/>
  <testcase classname="com.shekhar.tests.POSTTests" name="postCallUsingExternalFileTest" time="4.634"/>
  <system-out/>
</testsuite> <!-- com.shekhar.tests.POSTTests -->
