<?xml version="1.0" encoding="UTF-8"?>
<!-- Generated by org.testng.reporters.JUnitReportReporter -->
<testsuite hostname="DESKTOP-K0PMQHV" failures="0" tests="2" name="com.shekhar.tests.POSTTests" time="8.694" errors="0" timestamp="2022-11-04T11:22:52 IST" skipped="0">
  <testcase classname="com.shekhar.tests.POSTTests" name="postCallTest" time="7.223"/>
  <system-out/>
  <testcase classname="com.shekhar.tests.POSTTests" name="postCallUsingExternalFileTest" time="1.471"/>
  <system-out/>
</testsuite> <!-- com.shekhar.tests.POSTTests -->
