<?xml version="1.0" encoding="UTF-8"?>
<!-- Generated by org.testng.reporters.JUnitReportReporter -->
<testsuite hostname="DESKTOP-K0PMQHV" failures="0" tests="3" name="com.shekhar.tests.DataProviderTest" time="0.019" errors="0" timestamp="2022-11-02T18:51:21 IST" skipped="0">
  <testcase classname="com.shekhar.tests.DataProviderTest" name="dpTest" time="0.005"/>
  <system-out/>
  <testcase classname="com.shekhar.tests.DataProviderTest" name="dpTest" time="0.004"/>
  <system-out/>
  <testcase classname="com.shekhar.tests.DataProviderTest" name="dpTest" time="0.010"/>
  <system-out/>
</testsuite> <!-- com.shekhar.tests.DataProviderTest -->
