<?xml version="1.0" encoding="UTF-8"?>
<!-- Generated by org.testng.reporters.JUnitReportReporter -->
<testsuite hostname="DESKTOP-K0PMQHV" failures="0" tests="2" name="com.shekhar.tests.GetTests" time="9.863" errors="0" timestamp="2022-11-04T11:23:31 IST" skipped="0">
  <testcase classname="com.shekhar.tests.GetTests" name="getBook" time="4.517"/>
  <system-out/>
  <testcase classname="com.shekhar.tests.GetTests" name="getBooks" time="5.346"/>
  <system-out/>
</testsuite> <!-- com.shekhar.tests.GetTests -->
